0 info it worked if it ends with ok
1 verbose cli [ 'G:\\nodejs\\node.exe',
1 verbose cli   'G:\\nodejs\\node_modules\\npm\\bin\\npm-cli.js',
1 verbose cli   'start' ]
2 info using npm@3.8.3
3 info using node@v5.10.1
4 verbose run-script [ 'prestart', 'start', 'poststart' ]
5 info lifecycle EasyChat@0.0.0~prestart: EasyChat@0.0.0
6 silly lifecycle EasyChat@0.0.0~prestart: no script for prestart, continuing
7 info lifecycle EasyChat@0.0.0~start: EasyChat@0.0.0
8 verbose lifecycle EasyChat@0.0.0~start: unsafe-perm in lifecycle true
9 verbose lifecycle EasyChat@0.0.0~start: PATH: G:\nodejs\node_modules\npm\bin\node-gyp-bin;G:\web\EasyChat\node_modules\.bin;G:\nodejs;C:\ProgramData\Oracle\Java\javapath;C:\WINDOWS\system32;C:\WINDOWS;C:\WINDOWS\System32\Wbem;C:\WINDOWS\System32\WindowsPowerShell\v1.0\;C:\Python27;C:\Program Files (x86)\Windows Kits\10\Windows Performance Toolkit\;C:\Program Files (x86)\GtkSharp\2.12\bin;G:\nodejs\;G:\Git\cmd;G:\nodejs\node_global;.;C:\Program Files\Java\jdk1.8.0_102\bin;C:\Program Files\Java\jdk1.8.0_102\jre\bin;G:\InstalledPrograms\apache-maven-3.3.9\bin;G:\InstallationPackages;G:\mongodb\bin;C:\Program Files\Microsoft SQL Server\130\Tools\Binn\;C:\Ruby23-x64\bin;E:\cocosStudio\Cocos2d-x\Cocos2d-x-3.10\templates;E:\cocosStudio\Cocos2d-x;cocosStudio\Cocos2d-x\Cocos2d-x-3.10\tools\cocos2d-console\bin;cocos2d-x\templates;G:\已安装文件\cocos2d-x\tools\cocos2d-console\bin;C:\Users\Administrator\AppData\Roaming\npm
10 verbose lifecycle EasyChat@0.0.0~start: CWD: G:\web\EasyChat
11 silly lifecycle EasyChat@0.0.0~start: Args: [ '/d /s /c', 'node ./bin/www' ]
12 silly lifecycle EasyChat@0.0.0~start: Returned: code: 1  signal: null
13 info lifecycle EasyChat@0.0.0~start: Failed to exec start script
14 verbose stack Error: EasyChat@0.0.0 start: `node ./bin/www`
14 verbose stack Exit status 1
14 verbose stack     at EventEmitter.<anonymous> (G:\nodejs\node_modules\npm\lib\utils\lifecycle.js:239:16)
14 verbose stack     at emitTwo (events.js:100:13)
14 verbose stack     at EventEmitter.emit (events.js:185:7)
14 verbose stack     at ChildProcess.<anonymous> (G:\nodejs\node_modules\npm\lib\utils\spawn.js:24:14)
14 verbose stack     at emitTwo (events.js:100:13)
14 verbose stack     at ChildProcess.emit (events.js:185:7)
14 verbose stack     at maybeClose (internal/child_process.js:850:16)
14 verbose stack     at Process.ChildProcess._handle.onexit (internal/child_process.js:215:5)
15 verbose pkgid EasyChat@0.0.0
16 verbose cwd G:\web\EasyChat
17 error Windows_NT 10.0.10586
18 error argv "G:\\nodejs\\node.exe" "G:\\nodejs\\node_modules\\npm\\bin\\npm-cli.js" "start"
19 error node v5.10.1
20 error npm  v3.8.3
21 error code ELIFECYCLE
22 error EasyChat@0.0.0 start: `node ./bin/www`
22 error Exit status 1
23 error Failed at the EasyChat@0.0.0 start script 'node ./bin/www'.
23 error Make sure you have the latest version of node.js and npm installed.
23 error If you do, this is most likely a problem with the EasyChat package,
23 error not with npm itself.
23 error Tell the author that this fails on your system:
23 error     node ./bin/www
23 error You can get information on how to open an issue for this project with:
23 error     npm bugs EasyChat
23 error Or if that isn't available, you can get their info via:
23 error     npm owner ls EasyChat
23 error There is likely additional logging output above.
24 verbose exit [ 1, true ]
